<?xml version="1.0" encoding="UTF-8"?>
<coverage generated="1783079082968" clover="3.2.0">
  <project timestamp="1783079082968" name="All files">
    <metrics statements="26" coveredstatements="21" conditionals="24" coveredconditionals="20" methods="9" coveredmethods="9" elements="59" coveredelements="50" complexity="0" loc="26" ncloc="26" packages="1" files="2" classes="2"/>
    <file name="audit-logs.mapper.ts" path="C:\Users\Samuel Fernandes\projects\DatabaseDump\src\services\audit-logs.mapper.ts">
      <metrics statements="1" coveredstatements="1" conditionals="0" coveredconditionals="0" methods="1" coveredmethods="1"/>
      <line num="24" count="1" type="stmt"/>
    </file>
    <file name="database.mapper.ts" path="C:\Users\Samuel Fernandes\projects\DatabaseDump\src\services\database.mapper.ts">
      <metrics statements="25" coveredstatements="20" conditionals="24" coveredconditionals="20" methods="8" coveredmethods="8"/>
      <line num="45" count="5" type="stmt"/>
      <line num="58" count="4" type="stmt"/>
      <line num="70" count="5" type="stmt"/>
      <line num="87" count="2" type="stmt"/>
      <line num="97" count="27" type="cond" truecount="5" falsecount="0"/>
      <line num="100" count="16" type="stmt"/>
      <line num="102" count="3" type="stmt"/>
      <line num="104" count="3" type="stmt"/>
      <line num="106" count="5" type="stmt"/>
      <line num="112" count="9" type="cond" truecount="3" falsecount="2"/>
      <line num="115" count="7" type="stmt"/>
      <line num="118" count="0" type="stmt"/>
      <line num="121" count="0" type="stmt"/>
      <line num="124" count="2" type="stmt"/>
      <line num="129" count="3" type="cond" truecount="2" falsecount="0"/>
      <line num="131" count="2" type="cond" truecount="3" falsecount="2"/>
      <line num="133" count="0" type="stmt"/>
      <line num="135" count="0" type="stmt"/>
      <line num="137" count="1" type="stmt"/>
      <line num="139" count="0" type="stmt"/>
      <line num="141" count="1" type="stmt"/>
      <line num="146" count="6" type="cond" truecount="2" falsecount="0"/>
      <line num="148" count="4" type="cond" truecount="5" falsecount="0"/>
      <line num="153" count="2" type="stmt"/>
      <line num="155" count="2" type="stmt"/>
    </file>
  </project>
</coverage>
