{"C:\\Users\\Samuel Fernandes\\projects\\DatabaseDump\\src\\services\\audit-logs.mapper.ts": {"path":"C:\\Users\\Samuel Fernandes\\projects\\DatabaseDump\\src\\services\\audit-logs.mapper.ts","statementMap":{"0":{"start":{"line":24,"column":4},"end":{"line":41,"column":null}}},"fnMap":{"0":{"name":"mapAuditLogFromApi","decl":{"start":{"line":23,"column":16},"end":{"line":23,"column":35}},"loc":{"start":{"line":23,"column":63},"end":{"line":42,"column":null}},"line":23}},"branchMap":{},"s":{"0":1},"f":{"0":1},"b":{},"meta":{"lastBranch":0,"lastFunction":1,"lastStatement":1,"seen":{"f:23:16:23:35":0,"s:24:4:41:Infinity":0},"fnNames":{}}}
,"C:\\Users\\Samuel Fernandes\\projects\\DatabaseDump\\src\\services\\database.mapper.ts": {"path":"C:\\Users\\Samuel Fernandes\\projects\\DatabaseDump\\src\\services\\database.mapper.ts","statementMap":{"0":{"start":{"line":45,"column":2},"end":{"line":54,"column":null}},"1":{"start":{"line":58,"column":2},"end":{"line":66,"column":null}},"2":{"start":{"line":70,"column":2},"end":{"line":82,"column":null}},"3":{"start":{"line":87,"column":2},"end":{"line":92,"column":null}},"4":{"start":{"line":97,"column":2},"end":{"line":107,"column":null}},"5":{"start":{"line":100,"column":6},"end":{"line":100,"column":null}},"6":{"start":{"line":102,"column":6},"end":{"line":102,"column":null}},"7":{"start":{"line":104,"column":6},"end":{"line":104,"column":null}},"8":{"start":{"line":106,"column":6},"end":{"line":106,"column":null}},"9":{"start":{"line":112,"column":2},"end":{"line":125,"column":null}},"10":{"start":{"line":115,"column":6},"end":{"line":115,"column":null}},"11":{"start":{"line":118,"column":6},"end":{"line":118,"column":null}},"12":{"start":{"line":121,"column":6},"end":{"line":121,"column":null}},"13":{"start":{"line":124,"column":6},"end":{"line":124,"column":null}},"14":{"start":{"line":129,"column":2},"end":{"line":129,"column":null}},"15":{"start":{"line":129,"column":15},"end":{"line":129,"column":null}},"16":{"start":{"line":131,"column":2},"end":{"line":142,"column":null}},"17":{"start":{"line":133,"column":6},"end":{"line":133,"column":null}},"18":{"start":{"line":135,"column":6},"end":{"line":135,"column":null}},"19":{"start":{"line":137,"column":6},"end":{"line":137,"column":null}},"20":{"start":{"line":139,"column":6},"end":{"line":139,"column":null}},"21":{"start":{"line":141,"column":6},"end":{"line":141,"column":null}},"22":{"start":{"line":146,"column":2},"end":{"line":146,"column":null}},"23":{"start":{"line":146,"column":13},"end":{"line":146,"column":null}},"24":{"start":{"line":148,"column":2},"end":{"line":156,"column":null}},"25":{"start":{"line":153,"column":6},"end":{"line":153,"column":null}},"26":{"start":{"line":155,"column":6},"end":{"line":155,"column":null}}},"fnMap":{"0":{"name":"mapDatabaseFromApi","decl":{"start":{"line":44,"column":16},"end":{"line":44,"column":35}},"loc":{"start":{"line":44,"column":62},"end":{"line":55,"column":null}},"line":44},"1":{"name":"mapDatabaseDetailsFromApi","decl":{"start":{"line":57,"column":16},"end":{"line":57,"column":42}},"loc":{"start":{"line":57,"column":83},"end":{"line":67,"column":null}},"line":57},"2":{"name":"mapDatabaseOverviewFromApi","decl":{"start":{"line":69,"column":16},"end":{"line":69,"column":43}},"loc":{"start":{"line":69,"column":86},"end":{"line":84,"column":null}},"line":69},"3":{"name":"mapDatabaseBasicDetailsFromApi","decl":{"start":{"line":86,"column":16},"end":{"line":86,"column":47}},"loc":{"start":{"line":86,"column":98},"end":{"line":93,"column":null}},"line":86},"4":{"name":"normalizeEngine","decl":{"start":{"line":96,"column":16},"end":{"line":96,"column":32}},"loc":{"start":{"line":96,"column":64},"end":{"line":108,"column":null}},"line":96},"5":{"name":"normalizeStatus","decl":{"start":{"line":111,"column":9},"end":{"line":111,"column":25}},"loc":{"start":{"line":111,"column":59},"end":{"line":126,"column":null}},"line":111},"6":{"name":"normalizeBackupStatus","decl":{"start":{"line":128,"column":9},"end":{"line":128,"column":31}},"loc":{"start":{"line":128,"column":75},"end":{"line":143,"column":null}},"line":128},"7":{"name":"normalizeSSLMode","decl":{"start":{"line":145,"column":9},"end":{"line":145,"column":26}},"loc":{"start":{"line":145,"column":63},"end":{"line":157,"column":null}},"line":145}},"branchMap":{"0":{"loc":{"start":{"line":97,"column":2},"end":{"line":107,"column":null}},"type":"switch","locations":[{"start":{"line":98,"column":4},"end":{"line":98,"column":null}},{"start":{"line":99,"column":4},"end":{"line":100,"column":null}},{"start":{"line":101,"column":4},"end":{"line":102,"column":null}},{"start":{"line":103,"column":4},"end":{"line":104,"column":null}},{"start":{"line":105,"column":4},"end":{"line":106,"column":null}}],"line":97},"1":{"loc":{"start":{"line":112,"column":2},"end":{"line":125,"column":null}},"type":"switch","locations":[{"start":{"line":113,"column":4},"end":{"line":113,"column":null}},{"start":{"line":114,"column":4},"end":{"line":115,"column":null}},{"start":{"line":117,"column":4},"end":{"line":118,"column":null}},{"start":{"line":120,"column":4},"end":{"line":121,"column":null}},{"start":{"line":123,"column":4},"end":{"line":124,"column":null}}],"line":112},"2":{"loc":{"start":{"line":129,"column":2},"end":{"line":129,"column":null}},"type":"if","locations":[{"start":{"line":129,"column":2},"end":{"line":129,"column":null}},{"start":{},"end":{}}],"line":129},"3":{"loc":{"start":{"line":131,"column":2},"end":{"line":142,"column":null}},"type":"switch","locations":[{"start":{"line":132,"column":4},"end":{"line":133,"column":null}},{"start":{"line":134,"column":4},"end":{"line":135,"column":null}},{"start":{"line":136,"column":4},"end":{"line":137,"column":null}},{"start":{"line":138,"column":4},"end":{"line":139,"column":null}},{"start":{"line":140,"column":4},"end":{"line":141,"column":null}}],"line":131},"4":{"loc":{"start":{"line":146,"column":2},"end":{"line":146,"column":null}},"type":"if","locations":[{"start":{"line":146,"column":2},"end":{"line":146,"column":null}},{"start":{},"end":{}}],"line":146},"5":{"loc":{"start":{"line":148,"column":2},"end":{"line":156,"column":null}},"type":"switch","locations":[{"start":{"line":149,"column":4},"end":{"line":149,"column":null}},{"start":{"line":150,"column":4},"end":{"line":150,"column":null}},{"start":{"line":151,"column":4},"end":{"line":151,"column":null}},{"start":{"line":152,"column":4},"end":{"line":153,"column":null}},{"start":{"line":154,"column":4},"end":{"line":155,"column":null}}],"line":148}},"s":{"0":5,"1":4,"2":5,"3":2,"4":27,"5":16,"6":3,"7":3,"8":5,"9":9,"10":7,"11":0,"12":0,"13":2,"14":3,"15":1,"16":2,"17":0,"18":0,"19":1,"20":0,"21":1,"22":6,"23":2,"24":4,"25":2,"26":2},"f":{"0":5,"1":4,"2":5,"3":2,"4":27,"5":9,"6":3,"7":6},"b":{"0":[2,16,3,3,5],"1":[7,7,0,0,2],"2":[1,2],"3":[2,0,1,0,1],"4":[2,4],"5":[2,2,2,2,2]},"meta":{"lastBranch":6,"lastFunction":8,"lastStatement":27,"seen":{"f:44:16:44:35":0,"s:45:2:54:Infinity":0,"f:57:16:57:42":1,"s:58:2:66:Infinity":1,"f:69:16:69:43":2,"s:70:2:82:Infinity":2,"f:86:16:86:47":3,"s:87:2:92:Infinity":3,"f:96:16:96:32":4,"b:98:4:98:Infinity:99:4:100:Infinity:101:4:102:Infinity:103:4:104:Infinity:105:4:106:Infinity":0,"s:97:2:107:Infinity":4,"s:100:6:100:Infinity":5,"s:102:6:102:Infinity":6,"s:104:6:104:Infinity":7,"s:106:6:106:Infinity":8,"f:111:9:111:25":5,"b:113:4:113:Infinity:114:4:115:Infinity:117:4:118:Infinity:120:4:121:Infinity:123:4:124:Infinity":1,"s:112:2:125:Infinity":9,"s:115:6:115:Infinity":10,"s:118:6:118:Infinity":11,"s:121:6:121:Infinity":12,"s:124:6:124:Infinity":13,"f:128:9:128:31":6,"b:129:2:129:Infinity:undefined:undefined:undefined:undefined":2,"s:129:2:129:Infinity":14,"s:129:15:129:Infinity":15,"b:132:4:133:Infinity:134:4:135:Infinity:136:4:137:Infinity:138:4:139:Infinity:140:4:141:Infinity":3,"s:131:2:142:Infinity":16,"s:133:6:133:Infinity":17,"s:135:6:135:Infinity":18,"s:137:6:137:Infinity":19,"s:139:6:139:Infinity":20,"s:141:6:141:Infinity":21,"f:145:9:145:26":7,"b:146:2:146:Infinity:undefined:undefined:undefined:undefined":4,"s:146:2:146:Infinity":22,"s:146:13:146:Infinity":23,"b:149:4:149:Infinity:150:4:150:Infinity:151:4:151:Infinity:152:4:153:Infinity:154:4:155:Infinity":5,"s:148:2:156:Infinity":24,"s:153:6:153:Infinity":25,"s:155:6:155:Infinity":26},"fnNames":{}}}
}
